<?xml version="1.0" encoding="UTF-8"?>
<testsuite name="fun.madeby.generic_server.DBGenericTest" tests="13" skipped="0" failures="0" errors="0" timestamp="2022-08-02T17:06:19" hostname="DESKTOP-5P3J64F" time="0.252">
  <properties/>
  <testcase name="Transaction add is started but rolled back, confirms record cannot be retrieved, confirms record is included in debug info." classname="fun.madeby.generic_server.DBGenericTest" time="0.084"/>
  <testcase name="testRegEx(): 'F.*'" classname="fun.madeby.generic_server.DBGenericTest" time="0.016"/>
  <testcase name="addTest(): DBGenericServer Add, via FileHandler test: 1 == OK" classname="fun.madeby.generic_server.DBGenericTest" time="0.01"/>
  <testcase name="UpdateByNameTest: Sets existing row 0L (found by name) to deleted in .db file, then creates new row with modified data" classname="fun.madeby.generic_server.DBGenericTest" time="0.02"/>
  <testcase name="DBServer readTest : 1 == OK and then test equality of each field" classname="fun.madeby.generic_server.DBGenericTest" time="0.01"/>
  <testcase name="testLevenshtein4_1():  4 tolerance return 1" classname="fun.madeby.generic_server.DBGenericTest" time="0.022"/>
  <testcase name="testLevenshtein5_2(): 5 tolerance return 2" classname="fun.madeby.generic_server.DBGenericTest" time="0.012"/>
  <testcase name="searchTest(): DBServer search, then compare retrieved" classname="fun.madeby.generic_server.DBGenericTest" time="0.009"/>
  <testcase name="UpdateByRowTest(): Sets existing row 0L to deleted in .db file, then creates new row with modified data" classname="fun.madeby.generic_server.DBGenericTest" time="0.015"/>
  <testcase name="Searches for commited Object with regex, confirms List.size() and expected name." classname="fun.madeby.generic_server.DBGenericTest" time="0.01"/>
  <testcase name="COMMIT with MultiBegin." classname="fun.madeby.generic_server.DBGenericTest" time="0.009"/>
  <testcase name="ROLLBACK with MultiBegin." classname="fun.madeby.generic_server.DBGenericTest" time="0.013"/>
  <testcase name="testRegEx2():  'Fr.*'" classname="fun.madeby.generic_server.DBGenericTest" time="0.012"/>
  <system-out><![CDATA[Retrieved row for 'Fritx' 0
]]></system-out>
  <system-err><![CDATA[Aug 02, 2022 7:06:19 PM fun.madeby.generic.GenericFileHandler add
SEVERE: @GFH add(Object) = Dog{pName='Fritx', age=3, owner='Rezzi Delamdi'}
Aug 02, 2022 7:06:19 PM fun.madeby.db.generic_server.DBGenericServer getTransaction
SEVERE: @DBGenericServer getTransaction() getting transactions with ThreadId = 1
Aug 02, 2022 7:06:19 PM fun.madeby.db.generic_server.DBGenericServer getTransaction
SEVERE: @DBGenericServer getTransaction() getting transactions with ThreadId = 1
Aug 02, 2022 7:06:19 PM fun.madeby.db.generic_server.DBGenericServer rollback
INFO: @DBGenericServer rollback() completed
Aug 02, 2022 7:06:19 PM fun.madeby.db.generic_server.DBGenericServer searchWithRegex
INFO: @DBGenericServer @searchWithRegex(String regEx) + returned Collection<DBRecord> = Re.*

Aug 02, 2022 7:06:19 PM fun.madeby.db.generic_server.DBGenericServer close
INFO: @DBGenericServer close()
Aug 02, 2022 7:06:19 PM fun.madeby.generic.GenericFileHandler add
SEVERE: @GFH add(Object) = Dog{pName='Fritx', age=3, owner='Rezzi Delamdi'}
Aug 02, 2022 7:06:19 PM fun.madeby.db.generic_server.DBGenericServer getTransaction
SEVERE: @DBGenericServer getTransaction() getting transactions with ThreadId = 1
Aug 02, 2022 7:06:19 PM fun.madeby.generic.GenericFileHandler add
SEVERE: @GFH add(Object) = Dog{pName='F1itx234', age=3, owner='Rezzi Delamdi'}
Aug 02, 2022 7:06:19 PM fun.madeby.db.generic_server.DBGenericServer getTransaction
SEVERE: @DBGenericServer getTransaction() getting transactions with ThreadId = 1
Aug 02, 2022 7:06:19 PM fun.madeby.db.generic_server.DBGenericServer getTransaction
SEVERE: @DBGenericServer getTransaction() getting transactions with ThreadId = 1
Aug 02, 2022 7:06:19 PM fun.madeby.db.generic_server.DBGenericServer commit
INFO: @DBGenericServer commit() completed
Aug 02, 2022 7:06:19 PM fun.madeby.db.generic_server.DBGenericServer searchWithRegex
INFO: @DBGenericServer @searchWithRegex(String regEx) + returned Collection<DBRecord> = F.*
Dog{pName='F1itx234', age=3, owner='Rezzi Delamdi'}
Dog{pName='Fritx', age=3, owner='Rezzi Delamdi'}

Aug 02, 2022 7:06:19 PM fun.madeby.db.generic_server.DBGenericServer close
INFO: @DBGenericServer close()
Aug 02, 2022 7:06:19 PM fun.madeby.generic.GenericFileHandler add
SEVERE: @GFH add(Object) = Dog{pName='Fritx', age=3, owner='Rezzi Delamdi'}
Aug 02, 2022 7:06:19 PM fun.madeby.db.generic_server.DBGenericServer getTransaction
SEVERE: @DBGenericServer getTransaction() getting transactions with ThreadId = 1
Aug 02, 2022 7:06:19 PM fun.madeby.db.generic_server.DBGenericServer getTransaction
SEVERE: @DBGenericServer getTransaction() getting transactions with ThreadId = 1
Aug 02, 2022 7:06:19 PM fun.madeby.db.generic_server.DBGenericServer commit
INFO: @DBGenericServer commit() completed
Aug 02, 2022 7:06:19 PM fun.madeby.db.generic_server.DBGenericServer close
INFO: @DBGenericServer close()
Aug 02, 2022 7:06:19 PM fun.madeby.generic.GenericFileHandler add
SEVERE: @GFH add(Object) = Dog{pName='Fritx', age=3, owner='Rezzi Delamdi'}
Aug 02, 2022 7:06:19 PM fun.madeby.db.generic_server.DBGenericServer getTransaction
SEVERE: @DBGenericServer getTransaction() getting transactions with ThreadId = 1
Aug 02, 2022 7:06:19 PM fun.madeby.db.generic_server.DBGenericServer getTransaction
SEVERE: @DBGenericServer getTransaction() getting transactions with ThreadId = 1
Aug 02, 2022 7:06:19 PM fun.madeby.db.generic_server.DBGenericServer commit
INFO: @DBGenericServer commit() completed
Aug 02, 2022 7:06:19 PM fun.madeby.generic.GenericFileHandler add
SEVERE: @GFH add(Object) = Dog{pName='Chingu', age=4, owner='Ruzzi Dalemdi'}
Aug 02, 2022 7:06:19 PM fun.madeby.db.generic_server.DBGenericServer getTransaction
SEVERE: @DBGenericServer getTransaction() getting transactions with ThreadId = 1
Aug 02, 2022 7:06:19 PM fun.madeby.db.generic_server.DBGenericServer getTransaction
SEVERE: @DBGenericServer getTransaction() getting transactions with ThreadId = 1
Aug 02, 2022 7:06:19 PM fun.madeby.db.generic_server.DBGenericServer commit
INFO: @DBGenericServer commit() completed
Aug 02, 2022 7:06:19 PM fun.madeby.db.generic_server.DBGenericServer read
INFO: @DBGenericServer read(Long rowNumber) return. rowNumber = 1 Dog{pName='Chingu', age=4, owner='Ruzzi Dalemdi'}
Aug 02, 2022 7:06:19 PM fun.madeby.db.generic_server.DBGenericServer close
INFO: @DBGenericServer close()
Aug 02, 2022 7:06:19 PM fun.madeby.generic.GenericFileHandler add
SEVERE: @GFH add(Object) = Dog{pName='Fritx', age=3, owner='Rezzi Delamdi'}
Aug 02, 2022 7:06:19 PM fun.madeby.db.generic_server.DBGenericServer getTransaction
SEVERE: @DBGenericServer getTransaction() getting transactions with ThreadId = 1
Aug 02, 2022 7:06:19 PM fun.madeby.db.generic_server.DBGenericServer getTransaction
SEVERE: @DBGenericServer getTransaction() getting transactions with ThreadId = 1
Aug 02, 2022 7:06:19 PM fun.madeby.db.generic_server.DBGenericServer commit
INFO: @DBGenericServer commit() completed
Aug 02, 2022 7:06:19 PM fun.madeby.db.generic_server.DBGenericServer read
INFO: @DBGenericServer read(Long rowNumber) return. rowNumber = 0 Dog{pName='Fritx', age=3, owner='Rezzi Delamdi'}
Aug 02, 2022 7:06:19 PM fun.madeby.db.generic_server.DBGenericServer close
INFO: @DBGenericServer close()
Aug 02, 2022 7:06:19 PM fun.madeby.generic.GenericFileHandler add
SEVERE: @GFH add(Object) = Dog{pName='Fritx', age=3, owner='Rezzi Delamdi'}
Aug 02, 2022 7:06:19 PM fun.madeby.db.generic_server.DBGenericServer getTransaction
SEVERE: @DBGenericServer getTransaction() getting transactions with ThreadId = 1
Aug 02, 2022 7:06:19 PM fun.madeby.generic.GenericFileHandler add
SEVERE: @GFH add(Object) = Dog{pName='Chingu', age=4, owner='Ruzzi Dalemdi'}
Aug 02, 2022 7:06:19 PM fun.madeby.db.generic_server.DBGenericServer getTransaction
SEVERE: @DBGenericServer getTransaction() getting transactions with ThreadId = 1
Aug 02, 2022 7:06:19 PM fun.madeby.db.generic_server.DBGenericServer getTransaction
SEVERE: @DBGenericServer getTransaction() getting transactions with ThreadId = 1
Aug 02, 2022 7:06:19 PM fun.madeby.db.generic_server.DBGenericServer commit
INFO: @DBGenericServer commit() completed
Aug 02, 2022 7:06:19 PM fun.madeby.db.generic_server.DBGenericServer searchWithLevenshtein
INFO: @DBGenericServer [New Alternative output below:] @searchWithLevenshtein(String name, int tolerance) + returned Collection<DBRecord> = Fritx 4
Dog{pName='Fritx', age=3, owner='Rezzi Delamdi'}

Aug 02, 2022 7:06:19 PM fun.madeby.db.generic_server.DBGenericServer close
INFO: @DBGenericServer close()
Aug 02, 2022 7:06:19 PM fun.madeby.generic.GenericFileHandler add
SEVERE: @GFH add(Object) = Dog{pName='Fritx', age=3, owner='Rezzi Delamdi'}
Aug 02, 2022 7:06:19 PM fun.madeby.db.generic_server.DBGenericServer getTransaction
SEVERE: @DBGenericServer getTransaction() getting transactions with ThreadId = 1
Aug 02, 2022 7:06:19 PM fun.madeby.generic.GenericFileHandler add
SEVERE: @GFH add(Object) = Dog{pName='F1itx234', age=3, owner='Rezzi Delamdi'}
Aug 02, 2022 7:06:19 PM fun.madeby.db.generic_server.DBGenericServer getTransaction
SEVERE: @DBGenericServer getTransaction() getting transactions with ThreadId = 1
Aug 02, 2022 7:06:19 PM fun.madeby.db.generic_server.DBGenericServer getTransaction
SEVERE: @DBGenericServer getTransaction() getting transactions with ThreadId = 1
Aug 02, 2022 7:06:19 PM fun.madeby.db.generic_server.DBGenericServer commit
INFO: @DBGenericServer commit() completed
Aug 02, 2022 7:06:19 PM fun.madeby.db.generic_server.DBGenericServer searchWithLevenshtein
INFO: @DBGenericServer [New Alternative output below:] @searchWithLevenshtein(String name, int tolerance) + returned Collection<DBRecord> = Fritx 5
Dog{pName='F1itx234', age=3, owner='Rezzi Delamdi'}
Dog{pName='Fritx', age=3, owner='Rezzi Delamdi'}

Aug 02, 2022 7:06:19 PM fun.madeby.db.generic_server.DBGenericServer close
INFO: @DBGenericServer close()
Aug 02, 2022 7:06:19 PM fun.madeby.generic.GenericFileHandler add
SEVERE: @GFH add(Object) = Dog{pName='Fritx', age=3, owner='Rezzi Delamdi'}
Aug 02, 2022 7:06:19 PM fun.madeby.db.generic_server.DBGenericServer getTransaction
SEVERE: @DBGenericServer getTransaction() getting transactions with ThreadId = 1
Aug 02, 2022 7:06:19 PM fun.madeby.db.generic_server.DBGenericServer getTransaction
SEVERE: @DBGenericServer getTransaction() getting transactions with ThreadId = 1
Aug 02, 2022 7:06:19 PM fun.madeby.db.generic_server.DBGenericServer commit
INFO: @DBGenericServer commit() completed
Aug 02, 2022 7:06:19 PM fun.madeby.db.generic_server.DBGenericServer search
INFO: @DBGenericServer search(String indexedFieldName) return. indexedFieldName = Fritx Dog{pName='Fritx', age=3, owner='Rezzi Delamdi'}
Aug 02, 2022 7:06:19 PM fun.madeby.db.generic_server.DBGenericServer close
INFO: @DBGenericServer close()
Aug 02, 2022 7:06:19 PM fun.madeby.generic.GenericFileHandler add
SEVERE: @GFH add(Object) = Dog{pName='Fritx', age=3, owner='Rezzi Delamdi'}
Aug 02, 2022 7:06:19 PM fun.madeby.db.generic_server.DBGenericServer getTransaction
SEVERE: @DBGenericServer getTransaction() getting transactions with ThreadId = 1
Aug 02, 2022 7:06:19 PM fun.madeby.db.generic_server.DBGenericServer getTransaction
SEVERE: @DBGenericServer getTransaction() getting transactions with ThreadId = 1
Aug 02, 2022 7:06:19 PM fun.madeby.db.generic_server.DBGenericServer commit
INFO: @DBGenericServer commit() completed
Aug 02, 2022 7:06:19 PM fun.madeby.db.generic_server.DBGenericServer read
INFO: @DBGenericServer read(Long rowNumber) return. rowNumber = 0 Dog{pName='Fritx', age=3, owner='Rezzi Delamdi'}
Aug 02, 2022 7:06:19 PM fun.madeby.generic.GenericFileHandler add
SEVERE: @GFH add(Object) = Dog{pName='Chingu', age=4, owner='Ruzzi Dalemdi'}
Aug 02, 2022 7:06:19 PM fun.madeby.db.generic_server.DBGenericServer getTransaction
SEVERE: @DBGenericServer getTransaction() getting transactions with ThreadId = 1
Aug 02, 2022 7:06:19 PM fun.madeby.db.generic_server.DBGenericServer getTransaction
SEVERE: @DBGenericServer getTransaction() getting transactions with ThreadId = 1
Aug 02, 2022 7:06:19 PM fun.madeby.db.generic_server.DBGenericServer commit
INFO: @DBGenericServer commit() completed
Aug 02, 2022 7:06:19 PM fun.madeby.db.generic_server.DBGenericServer read
INFO: @DBGenericServer read(Long rowNumber) return. rowNumber = 1 Dog{pName='Chingu', age=4, owner='Ruzzi Dalemdi'}
Aug 02, 2022 7:06:19 PM fun.madeby.db.generic_server.DBGenericServer close
INFO: @DBGenericServer close()
Aug 02, 2022 7:06:19 PM fun.madeby.generic.GenericFileHandler add
SEVERE: @GFH add(Object) = Dog{pName='Fritx', age=3, owner='Rezzi Delamdi'}
Aug 02, 2022 7:06:19 PM fun.madeby.db.generic_server.DBGenericServer getTransaction
SEVERE: @DBGenericServer getTransaction() getting transactions with ThreadId = 1
Aug 02, 2022 7:06:19 PM fun.madeby.db.generic_server.DBGenericServer getTransaction
SEVERE: @DBGenericServer getTransaction() getting transactions with ThreadId = 1
Aug 02, 2022 7:06:19 PM fun.madeby.db.generic_server.DBGenericServer commit
INFO: @DBGenericServer commit() completed
Aug 02, 2022 7:06:19 PM fun.madeby.db.generic_server.DBGenericServer searchWithRegex
INFO: @DBGenericServer @searchWithRegex(String regEx) + returned Collection<DBRecord> = Fr.*
Dog{pName='Fritx', age=3, owner='Rezzi Delamdi'}

Aug 02, 2022 7:06:19 PM fun.madeby.db.generic_server.DBGenericServer close
INFO: @DBGenericServer close()
Aug 02, 2022 7:06:19 PM fun.madeby.generic.GenericFileHandler add
SEVERE: @GFH add(Object) = Dog{pName='Fritx', age=3, owner='Rezzi Delamdi'}
Aug 02, 2022 7:06:19 PM fun.madeby.db.generic_server.DBGenericServer getTransaction
SEVERE: @DBGenericServer getTransaction() getting transactions with ThreadId = 1
Aug 02, 2022 7:06:19 PM fun.madeby.db.generic_server.DBGenericServer getTransaction
SEVERE: @DBGenericServer getTransaction() getting transactions with ThreadId = 1
Aug 02, 2022 7:06:19 PM fun.madeby.db.generic_server.DBGenericServer commit
INFO: @DBGenericServer commit() completed
Aug 02, 2022 7:06:19 PM fun.madeby.db.generic_server.DBGenericServer searchWithRegex
INFO: @DBGenericServer @searchWithRegex(String regEx) + returned Collection<DBRecord> = Fr.*
Dog{pName='Fritx', age=3, owner='Rezzi Delamdi'}

Aug 02, 2022 7:06:19 PM fun.madeby.db.generic_server.DBGenericServer close
INFO: @DBGenericServer close()
Aug 02, 2022 7:06:19 PM fun.madeby.generic.GenericFileHandler add
SEVERE: @GFH add(Object) = Dog{pName='Fritx', age=3, owner='Rezzi Delamdi'}
Aug 02, 2022 7:06:19 PM fun.madeby.db.generic_server.DBGenericServer getTransaction
SEVERE: @DBGenericServer getTransaction() getting transactions with ThreadId = 1
Aug 02, 2022 7:06:19 PM fun.madeby.generic.GenericFileHandler add
SEVERE: @GFH add(Object) = Dog{pName='Chingu', age=4, owner='Ruzzi Dalemdi'}
Aug 02, 2022 7:06:19 PM fun.madeby.db.generic_server.DBGenericServer getTransaction
SEVERE: @DBGenericServer getTransaction() getting transactions with ThreadId = 1
Aug 02, 2022 7:06:19 PM fun.madeby.db.generic_server.DBGenericServer getTransaction
SEVERE: @DBGenericServer getTransaction() getting transactions with ThreadId = 1
Aug 02, 2022 7:06:19 PM fun.madeby.db.generic_server.DBGenericServer rollback
INFO: @DBGenericServer rollback() completed
Aug 02, 2022 7:06:19 PM fun.madeby.db.generic_server.DBGenericServer searchWithRegex
INFO: @DBGenericServer @searchWithRegex(String regEx) + returned Collection<DBRecord> = Re.*

Aug 02, 2022 7:06:19 PM fun.madeby.db.generic_server.DBGenericServer searchWithRegex
INFO: @DBGenericServer @searchWithRegex(String regEx) + returned Collection<DBRecord> = Ra.*

Aug 02, 2022 7:06:19 PM fun.madeby.db.generic_server.DBGenericServer close
INFO: @DBGenericServer close()
Aug 02, 2022 7:06:19 PM fun.madeby.generic.GenericFileHandler add
SEVERE: @GFH add(Object) = Dog{pName='Fritx', age=3, owner='Rezzi Delamdi'}
Aug 02, 2022 7:06:19 PM fun.madeby.db.generic_server.DBGenericServer getTransaction
SEVERE: @DBGenericServer getTransaction() getting transactions with ThreadId = 1
Aug 02, 2022 7:06:19 PM fun.madeby.generic.GenericFileHandler add
SEVERE: @GFH add(Object) = Dog{pName='Chingu', age=4, owner='Ruzzi Dalemdi'}
Aug 02, 2022 7:06:19 PM fun.madeby.db.generic_server.DBGenericServer getTransaction
SEVERE: @DBGenericServer getTransaction() getting transactions with ThreadId = 1
Aug 02, 2022 7:06:19 PM fun.madeby.db.generic_server.DBGenericServer getTransaction
SEVERE: @DBGenericServer getTransaction() getting transactions with ThreadId = 1
Aug 02, 2022 7:06:19 PM fun.madeby.db.generic_server.DBGenericServer commit
INFO: @DBGenericServer commit() completed
Aug 02, 2022 7:06:19 PM fun.madeby.db.generic_server.DBGenericServer searchWithRegex
INFO: @DBGenericServer @searchWithRegex(String regEx) + returned Collection<DBRecord> = Fr.*
Dog{pName='Fritx', age=3, owner='Rezzi Delamdi'}

Aug 02, 2022 7:06:19 PM fun.madeby.db.generic_server.DBGenericServer close
INFO: @DBGenericServer close()
]]></system-err>
</testsuite>
