<?xml version="1.0" encoding="UTF-8"?>
<testsuite name="fun.madeby.specific_server.DBSpecificTest" tests="13" skipped="0" failures="0" errors="0" timestamp="2022-08-02T17:27:52" hostname="DESKTOP-5P3J64F" time="0.164">
  <properties/>
  <testcase name="Transaction add is started but rolled back, confirms record cannot be retrieved, confirms record is included in debug info." classname="fun.madeby.specific_server.DBSpecificTest" time="0.016"/>
  <testcase name="testRegEx(): 'R.*'" classname="fun.madeby.specific_server.DBSpecificTest" time="0.012"/>
  <testcase name="addTest(): DBServer Add, via FileHandler test: 1 == OK" classname="fun.madeby.specific_server.DBSpecificTest" time="0.008"/>
  <testcase name="UpdateByNameTest: Sets existing row 0L (found by name) to deleted in .db file, then creates new row with modified data" classname="fun.madeby.specific_server.DBSpecificTest" time="0.014"/>
  <testcase name="DBServer readTest : 1 == OK and then test equality of each field" classname="fun.madeby.specific_server.DBSpecificTest" time="0.009"/>
  <testcase name="testLevenshtein4_1():  4 tolerance return 1" classname="fun.madeby.specific_server.DBSpecificTest" time="0.012"/>
  <testcase name="testLevenshtein5_2(): 5 tolerance return 2" classname="fun.madeby.specific_server.DBSpecificTest" time="0.012"/>
  <testcase name="searchTest(): DBServer search, then compare retrieved" classname="fun.madeby.specific_server.DBSpecificTest" time="0.01"/>
  <testcase name="UpdateByRowTest(): Sets existing row 0L to deleted in .db file, then creates new row with modified data" classname="fun.madeby.specific_server.DBSpecificTest" time="0.013"/>
  <testcase name="Searches for commited DBRecord with regex, confirms List.size() and expected name." classname="fun.madeby.specific_server.DBSpecificTest" time="0.008"/>
  <testcase name="COMMIT with MultiBegin." classname="fun.madeby.specific_server.DBSpecificTest" time="0.009"/>
  <testcase name="ROLLBACK with MultiBegin." classname="fun.madeby.specific_server.DBSpecificTest" time="0.012"/>
  <testcase name="testRegEx2():  'Re.*'" classname="fun.madeby.specific_server.DBSpecificTest" time="0.012"/>
  <system-out><![CDATA[Retrieved row for 'Rezzi Delamdi' 0
]]></system-out>
  <system-err><![CDATA[Aug 02, 2022 7:27:52 PM fun.madeby.specific.BaseFileHandler populateIndex
SEVERE: @BFH PopulateIndex()
Aug 02, 2022 7:27:52 PM fun.madeby.db.specific_server.DBServer rollback
INFO: @DBServer rollback() completed
Aug 02, 2022 7:27:52 PM fun.madeby.db.specific_server.DBServer searchWithRegex
INFO: @DBServer @searchWithRegex(String regEx) + returned Collection<DBRecord> = Re.*

Aug 02, 2022 7:27:52 PM fun.madeby.db.specific_server.DBServer close
INFO: @DBServer close()
Aug 02, 2022 7:27:52 PM fun.madeby.specific.BaseFileHandler populateIndex
SEVERE: @BFH PopulateIndex()
Aug 02, 2022 7:27:52 PM fun.madeby.db.specific_server.DBServer commit
INFO: @DBServer commit() completed
Aug 02, 2022 7:27:52 PM fun.madeby.specific.FileHandler readRow
SEVERE: @FH readRow(rowNumber) 0
Aug 02, 2022 7:27:52 PM fun.madeby.specific.FileHandler readRow
SEVERE: @FH readRow(rowNumber) 1
Aug 02, 2022 7:27:52 PM fun.madeby.db.specific_server.DBServer searchWithRegex
INFO: @DBServer @searchWithRegex(String regEx) + returned Collection<DBRecord> = R.*
Name: Rezzi Delamdi, Age: 34, Address: Repoke Street, Antwerp, 2000, reg#: 3AR 4NVERS, Description: The place under the bridge..
Name: Razzgu Dulemdi, Age: 34, Address: Repoke Street, Antwerp, 2000, reg#: BAR ANVERS, Description: The place under the bridge..

Aug 02, 2022 7:27:52 PM fun.madeby.db.specific_server.DBServer close
INFO: @DBServer close()
Aug 02, 2022 7:27:52 PM fun.madeby.specific.BaseFileHandler populateIndex
SEVERE: @BFH PopulateIndex()
Aug 02, 2022 7:27:52 PM fun.madeby.db.specific_server.DBServer commit
INFO: @DBServer commit() completed
Aug 02, 2022 7:27:52 PM fun.madeby.db.specific_server.DBServer close
INFO: @DBServer close()
Aug 02, 2022 7:27:52 PM fun.madeby.specific.BaseFileHandler populateIndex
SEVERE: @BFH PopulateIndex()
Aug 02, 2022 7:27:52 PM fun.madeby.db.specific_server.DBServer commit
INFO: @DBServer commit() completed
Aug 02, 2022 7:27:52 PM fun.madeby.db.specific_server.DBServer commit
INFO: @DBServer commit() completed
Aug 02, 2022 7:27:52 PM fun.madeby.specific.FileHandler readRow
SEVERE: @FH readRow(rowNumber) 1
Aug 02, 2022 7:27:52 PM fun.madeby.db.specific_server.DBServer read
INFO: @DBServer read(Long rowNumber) return. rowNumber = 1 Name: Razzgu Dulemdi, Age: 34, Address: Repoke Street, Antwerp, 2000, reg#: BAR ANVERS, Description: The place under the bridge..
Aug 02, 2022 7:27:52 PM fun.madeby.db.specific_server.DBServer close
INFO: @DBServer close()
Aug 02, 2022 7:27:52 PM fun.madeby.specific.BaseFileHandler populateIndex
SEVERE: @BFH PopulateIndex()
Aug 02, 2022 7:27:52 PM fun.madeby.db.specific_server.DBServer commit
INFO: @DBServer commit() completed
Aug 02, 2022 7:27:52 PM fun.madeby.specific.FileHandler readRow
SEVERE: @FH readRow(rowNumber) 0
Aug 02, 2022 7:27:52 PM fun.madeby.db.specific_server.DBServer read
INFO: @DBServer read(Long rowNumber) return. rowNumber = 0 Name: Rezzi Delamdi, Age: 34, Address: Repoke Street, Antwerp, 2000, reg#: 3AR 4NVERS, Description: The place under the bridge..
Aug 02, 2022 7:27:52 PM fun.madeby.db.specific_server.DBServer close
INFO: @DBServer close()
Aug 02, 2022 7:27:52 PM fun.madeby.specific.BaseFileHandler populateIndex
SEVERE: @BFH PopulateIndex()
Aug 02, 2022 7:27:52 PM fun.madeby.db.specific_server.DBServer commit
INFO: @DBServer commit() completed
Aug 02, 2022 7:27:52 PM fun.madeby.specific.FileHandler readRow
SEVERE: @FH readRow(rowNumber) 0
Aug 02, 2022 7:27:52 PM fun.madeby.db.specific_server.DBServer searchWithLevenshtein
INFO: @DBServer @searchWithLevenshtein(String name, int tolerance) + returned Collection<DBRecord> = Rezzi Delamdi 4
Name: Rezzi Delamdi, Age: 34, Address: Repoke Street, Antwerp, 2000, reg#: 3AR 4NVERS, Description: The place under the bridge..

Aug 02, 2022 7:27:52 PM fun.madeby.db.specific_server.DBServer close
INFO: @DBServer close()
Aug 02, 2022 7:27:52 PM fun.madeby.specific.BaseFileHandler populateIndex
SEVERE: @BFH PopulateIndex()
Aug 02, 2022 7:27:52 PM fun.madeby.db.specific_server.DBServer commit
INFO: @DBServer commit() completed
Aug 02, 2022 7:27:52 PM fun.madeby.specific.FileHandler readRow
SEVERE: @FH readRow(rowNumber) 0
Aug 02, 2022 7:27:52 PM fun.madeby.specific.FileHandler readRow
SEVERE: @FH readRow(rowNumber) 1
Aug 02, 2022 7:27:52 PM fun.madeby.db.specific_server.DBServer searchWithLevenshtein
INFO: @DBServer @searchWithLevenshtein(String name, int tolerance) + returned Collection<DBRecord> = Rezzi Delamdi 5
Name: Rezzi Delamdi, Age: 34, Address: Repoke Street, Antwerp, 2000, reg#: 3AR 4NVERS, Description: The place under the bridge..
Name: Razzgu Dulemdi, Age: 34, Address: Repoke Street, Antwerp, 2000, reg#: BAR ANVERS, Description: The place under the bridge..

Aug 02, 2022 7:27:52 PM fun.madeby.db.specific_server.DBServer close
INFO: @DBServer close()
Aug 02, 2022 7:27:52 PM fun.madeby.specific.BaseFileHandler populateIndex
SEVERE: @BFH PopulateIndex()
Aug 02, 2022 7:27:52 PM fun.madeby.db.specific_server.DBServer commit
INFO: @DBServer commit() completed
Aug 02, 2022 7:27:52 PM fun.madeby.specific.FileHandler readRow
SEVERE: @FH readRow(rowNumber) 0
Aug 02, 2022 7:27:52 PM fun.madeby.db.specific_server.DBServer search
INFO: @DBServer search(String name) return. name = Rezzi Delamdi Name: Rezzi Delamdi, Age: 34, Address: Repoke Street, Antwerp, 2000, reg#: 3AR 4NVERS, Description: The place under the bridge..
Aug 02, 2022 7:27:52 PM fun.madeby.db.specific_server.DBServer close
INFO: @DBServer close()
Aug 02, 2022 7:27:52 PM fun.madeby.specific.BaseFileHandler populateIndex
SEVERE: @BFH PopulateIndex()
Aug 02, 2022 7:27:52 PM fun.madeby.db.specific_server.DBServer commit
INFO: @DBServer commit() completed
Aug 02, 2022 7:27:52 PM fun.madeby.specific.FileHandler readRow
SEVERE: @FH readRow(rowNumber) 0
Aug 02, 2022 7:27:52 PM fun.madeby.db.specific_server.DBServer read
INFO: @DBServer read(Long rowNumber) return. rowNumber = 0 Name: Rezzi Delamdi, Age: 34, Address: Repoke Street, Antwerp, 2000, reg#: 3AR 4NVERS, Description: The place under the bridge..
Aug 02, 2022 7:27:52 PM fun.madeby.db.specific_server.DBServer commit
INFO: @DBServer commit() completed
Aug 02, 2022 7:27:52 PM fun.madeby.specific.FileHandler readRow
SEVERE: @FH readRow(rowNumber) 1
Aug 02, 2022 7:27:52 PM fun.madeby.db.specific_server.DBServer read
INFO: @DBServer read(Long rowNumber) return. rowNumber = 1 Name: Razzgu Dulemdi, Age: 34, Address: Repoke Street, Antwerp, 2000, reg#: BAR ANVERS, Description: The place under the bridge..
Aug 02, 2022 7:27:52 PM fun.madeby.db.specific_server.DBServer close
INFO: @DBServer close()
Aug 02, 2022 7:27:52 PM fun.madeby.specific.BaseFileHandler populateIndex
SEVERE: @BFH PopulateIndex()
Aug 02, 2022 7:27:52 PM fun.madeby.db.specific_server.DBServer commit
INFO: @DBServer commit() completed
Aug 02, 2022 7:27:52 PM fun.madeby.specific.FileHandler readRow
SEVERE: @FH readRow(rowNumber) 0
Aug 02, 2022 7:27:52 PM fun.madeby.db.specific_server.DBServer searchWithRegex
INFO: @DBServer @searchWithRegex(String regEx) + returned Collection<DBRecord> = Re.*
Name: Rezzi Delamdi, Age: 34, Address: Repoke Street, Antwerp, 2000, reg#: 3AR 4NVERS, Description: The place under the bridge..

Aug 02, 2022 7:27:52 PM fun.madeby.db.specific_server.DBServer close
INFO: @DBServer close()
Aug 02, 2022 7:27:52 PM fun.madeby.specific.BaseFileHandler populateIndex
SEVERE: @BFH PopulateIndex()
Aug 02, 2022 7:27:52 PM fun.madeby.db.specific_server.DBServer commit
INFO: @DBServer commit() completed
Aug 02, 2022 7:27:52 PM fun.madeby.specific.FileHandler readRow
SEVERE: @FH readRow(rowNumber) 0
Aug 02, 2022 7:27:52 PM fun.madeby.db.specific_server.DBServer searchWithRegex
INFO: @DBServer @searchWithRegex(String regEx) + returned Collection<DBRecord> = Re.*
Name: Rezzi Delamdi, Age: 34, Address: Repoke Street, Antwerp, 2000, reg#: 3AR 4NVERS, Description: The place under the bridge..

Aug 02, 2022 7:27:52 PM fun.madeby.db.specific_server.DBServer close
INFO: @DBServer close()
Aug 02, 2022 7:27:52 PM fun.madeby.specific.BaseFileHandler populateIndex
SEVERE: @BFH PopulateIndex()
Aug 02, 2022 7:27:52 PM fun.madeby.db.specific_server.DBServer rollback
INFO: @DBServer rollback() completed
Aug 02, 2022 7:27:52 PM fun.madeby.db.specific_server.DBServer searchWithRegex
INFO: @DBServer @searchWithRegex(String regEx) + returned Collection<DBRecord> = Re.*

Aug 02, 2022 7:27:52 PM fun.madeby.db.specific_server.DBServer searchWithRegex
INFO: @DBServer @searchWithRegex(String regEx) + returned Collection<DBRecord> = Ra.*

Aug 02, 2022 7:27:52 PM fun.madeby.db.specific_server.DBServer close
INFO: @DBServer close()
Aug 02, 2022 7:27:52 PM fun.madeby.specific.BaseFileHandler populateIndex
SEVERE: @BFH PopulateIndex()
Aug 02, 2022 7:27:52 PM fun.madeby.db.specific_server.DBServer commit
INFO: @DBServer commit() completed
Aug 02, 2022 7:27:52 PM fun.madeby.specific.FileHandler readRow
SEVERE: @FH readRow(rowNumber) 0
Aug 02, 2022 7:27:52 PM fun.madeby.db.specific_server.DBServer searchWithRegex
INFO: @DBServer @searchWithRegex(String regEx) + returned Collection<DBRecord> = Re.*
Name: Rezzi Delamdi, Age: 34, Address: Repoke Street, Antwerp, 2000, reg#: 3AR 4NVERS, Description: The place under the bridge..

Aug 02, 2022 7:27:52 PM fun.madeby.db.specific_server.DBServer close
INFO: @DBServer close()
]]></system-err>
</testsuite>
