<?xml version="1.0" encoding="UTF-8"?>
<testsuite name="fun.madeby.util.LevenshteinTest" tests="8" skipped="0" failures="0" errors="0" timestamp="2022-08-02T17:06:19" hostname="DESKTOP-5P3J64F" time="0.021">
  <properties/>
  <testcase name="testLevenstein_different_LengthsA_4()" classname="fun.madeby.util.LevenshteinTest" time="0.001"/>
  <testcase name="testLevenstein_different_LengthsB_4()" classname="fun.madeby.util.LevenshteinTest" time="0.001"/>
  <testcase name="testLevenstein_1_distanceEnd()" classname="fun.madeby.util.LevenshteinTest" time="0.0"/>
  <testcase name="testLevenstein_Long_Words()" classname="fun.madeby.util.LevenshteinTest" time="0.012"/>
  <testcase name="testLevenstein_empty_strings()" classname="fun.madeby.util.LevenshteinTest" time="0.001"/>
  <testcase name="testLevenstein_0_distance()" classname="fun.madeby.util.LevenshteinTest" time="0.001"/>
  <testcase name="testLevenstein_1_distanceBegin()" classname="fun.madeby.util.LevenshteinTest" time="0.0"/>
  <testcase name="testLevensteinTribute()" classname="fun.madeby.util.LevenshteinTest" time="0.001"/>
  <system-out><![CDATA[printDynamicProgrammingTable():
|    || "" || J  || s  || d  || f  || w  || e  || f  || w  || e  || a  || s  || d  || f  || a  || s  || d  || f  || a  || s  || d  || f  |
| "" || 0  || 1  || 2  || 3  || 4  || 5  || 6  || 7  || 8  || 9  || 10 || 11 || 12 || 13 || 14 || 15 || 16 || 17 || 18 || 19 || 20 || 21 |
| J  || 1  || 0  || 1  || 2  || 3  || 4  || 5  || 6  || 7  || 8  || 9  || 10 || 11 || 12 || 13 || 14 || 15 || 16 || 17 || 18 || 19 || 20 |
| x  || 2  || 1  || 1  || 2  || 3  || 4  || 5  || 6  || 7  || 8  || 9  || 10 || 11 || 12 || 13 || 14 || 15 || 16 || 17 || 18 || 19 || 20 |
| d  || 3  || 2  || 2  || 1  || 2  || 3  || 4  || 5  || 6  || 7  || 8  || 9  || 9  || 10 || 11 || 12 || 12 || 13 || 14 || 15 || 15 || 16 |
| f  || 4  || 3  || 3  || 2  || 1  || 2  || 3  || 3  || 4  || 5  || 6  || 7  || 8  || 8  || 9  || 10 || 11 || 11 || 12 || 13 || 14 || 14 |
| x  || 5  || 4  || 4  || 3  || 2  || 2  || 3  || 4  || 4  || 5  || 6  || 7  || 8  || 9  || 9  || 10 || 11 || 12 || 12 || 13 || 14 || 15 |
| e  || 6  || 5  || 5  || 4  || 3  || 3  || 2  || 3  || 4  || 4  || 5  || 6  || 7  || 8  || 9  || 10 || 11 || 12 || 13 || 13 || 14 || 15 |
| f  || 7  || 6  || 6  || 5  || 3  || 4  || 3  || 2  || 3  || 4  || 5  || 6  || 7  || 7  || 8  || 9  || 10 || 10 || 11 || 12 || 13 || 13 |
| w  || 8  || 7  || 7  || 6  || 4  || 3  || 4  || 3  || 2  || 3  || 4  || 5  || 6  || 7  || 8  || 9  || 10 || 11 || 11 || 12 || 13 || 14 |
| e  || 9  || 8  || 8  || 7  || 5  || 4  || 3  || 4  || 3  || 2  || 3  || 4  || 5  || 6  || 7  || 8  || 9  || 10 || 11 || 12 || 13 || 14 |
| a  || 10 || 9  || 9  || 8  || 6  || 5  || 4  || 4  || 4  || 3  || 2  || 3  || 4  || 5  || 5  || 6  || 7  || 8  || 8  || 9  || 10 || 11 |
| x  || 11 || 10 || 10 || 9  || 7  || 6  || 5  || 5  || 5  || 4  || 3  || 3  || 4  || 5  || 6  || 6  || 7  || 8  || 9  || 9  || 10 || 11 |
| d  || 12 || 11 || 11 || 9  || 8  || 7  || 6  || 6  || 6  || 5  || 4  || 4  || 3  || 4  || 5  || 6  || 6  || 7  || 8  || 9  || 9  || 10 |
| f  || 13 || 12 || 12 || 10 || 8  || 8  || 7  || 6  || 7  || 6  || 5  || 5  || 4  || 3  || 4  || 5  || 6  || 6  || 7  || 8  || 9  || 9  |
| a  || 14 || 13 || 13 || 11 || 9  || 9  || 8  || 7  || 7  || 7  || 5  || 6  || 5  || 4  || 3  || 4  || 5  || 6  || 6  || 7  || 8  || 9  |
| s  || 15 || 14 || 13 || 12 || 10 || 10 || 9  || 8  || 8  || 8  || 6  || 5  || 6  || 5  || 4  || 3  || 4  || 5  || 6  || 6  || 7  || 8  |
| x  || 16 || 15 || 14 || 13 || 11 || 11 || 10 || 9  || 9  || 9  || 7  || 6  || 6  || 6  || 5  || 4  || 4  || 5  || 6  || 7  || 7  || 8  |
| f  || 17 || 16 || 15 || 14 || 11 || 12 || 11 || 9  || 10 || 10 || 8  || 7  || 7  || 6  || 6  || 5  || 5  || 4  || 5  || 6  || 7  || 7  |
| a  || 18 || 17 || 16 || 15 || 12 || 12 || 12 || 10 || 10 || 11 || 8  || 8  || 8  || 7  || 6  || 6  || 6  || 5  || 4  || 5  || 6  || 7  |
| x  || 19 || 18 || 17 || 16 || 13 || 13 || 13 || 11 || 11 || 11 || 9  || 9  || 9  || 8  || 7  || 7  || 7  || 6  || 5  || 5  || 6  || 7  |
| d  || 20 || 19 || 18 || 16 || 14 || 14 || 14 || 12 || 12 || 12 || 10 || 10 || 9  || 9  || 8  || 8  || 7  || 7  || 6  || 6  || 5  || 6  |
| f  || 21 || 20 || 19 || 17 || 14 || 15 || 15 || 12 || 13 || 13 || 11 || 11 || 10 || 9  || 9  || 9  || 8  || 7  || 7  || 7  || 6  || 5  |
]]></system-out>
  <system-err><![CDATA[]]></system-err>
</testsuite>
