<?xml version="1.0" encoding="UTF-8"?>
<testsuite name="fun.madeby.generic_server.DBGenericTest" tests="1" skipped="0" failures="0" errors="0" timestamp="2022-08-08T19:14:43" hostname="DESKTOP-5P3J64F" time="0.089">
  <properties/>
  <testcase name="searchTest(): DBServer search, then compare retrieved" classname="fun.madeby.generic_server.DBGenericTest" time="0.089"/>
  <system-out><![CDATA[]]></system-out>
  <system-err><![CDATA[Aug 08, 2022 9:14:43 PM fun.madeby.generic.GenericFileHandler add
SEVERE: @GFH add(Object) = Dog{pName='Fritx', age=3, owner='Rezzi Delamdi'}
Aug 08, 2022 9:14:43 PM fun.madeby.db.generic_server.DBGenericServer getTransaction
SEVERE: @DBGenericServer getTransaction() getting transactions with ThreadId = 1
Aug 08, 2022 9:14:43 PM fun.madeby.db.generic_server.DBGenericServer getTransaction
SEVERE: @DBGenericServer getTransaction() getting transactions with ThreadId = 1
Aug 08, 2022 9:14:43 PM fun.madeby.db.generic_server.DBGenericServer commit
INFO: @DBGenericServer commit() completed
Aug 08, 2022 9:14:43 PM fun.madeby.db.generic_server.DBGenericServer search
INFO: @DBGenericServer search(String GenericIndexedFieldName) return. GenericIndexedFieldName = Fritx Dog{pName='Fritx', age=3, owner='Rezzi Delamdi'}
Aug 08, 2022 9:14:43 PM fun.madeby.db.generic_server.DBGenericServer close
INFO: @DBGenericServer close()
]]></system-err>
</testsuite>
