<?xml version="1.0" encoding="UTF-8"?>
<testsuite name="fun.madeby.generic_server.DBGenericTest" tests="1" skipped="0" failures="0" errors="0" timestamp="2022-08-02T13:50:28" hostname="DESKTOP-5P3J64F" time="0.075">
  <properties/>
  <testcase name="addTest(): DBGenericServer Add, via FileHandler test: 1 == OK" classname="fun.madeby.generic_server.DBGenericTest" time="0.075"/>
  <system-out><![CDATA[]]></system-out>
  <system-err><![CDATA[Aug 02, 2022 3:50:28 PM fun.madeby.generic.GenericFileHandler add
SEVERE: @GFH add(Object) = Dog{pName='Fritx', age=3, owner='Rezzi Delamdi'}
Aug 02, 2022 3:50:28 PM fun.madeby.db.generic_server.DBGenericServer getTransaction
SEVERE: @DBGenericServer getTransaction() getting transactions with ThreadId = 1
Aug 02, 2022 3:50:28 PM fun.madeby.db.generic_server.DBGenericServer getTransaction
SEVERE: @DBGenericServer getTransaction() getting transactions with ThreadId = 1
Aug 02, 2022 3:50:28 PM fun.madeby.db.generic_server.DBGenericServer commit
INFO: @DBGenericServer commit() completed
Aug 02, 2022 3:50:28 PM fun.madeby.db.generic_server.DBGenericServer close
INFO: @DBGenericServer close()
]]></system-err>
</testsuite>
